[ 2024-09-05 00:00:50,927 ] 12 root - INFO - training has srted
[ 2024-09-05 00:00:50,928 ] 41 root - INFO - Starting data ingestion
[ 2024-09-05 00:00:56,274 ] 66 root - INFO - Performed train test split on the dataframe
[ 2024-09-05 00:00:56,274 ] 68 root - INFO - Exited split_data_as_train_test method of Data_Ingestion class
[ 2024-09-05 00:00:56,274 ] 76 root - INFO - Exporting train and test file path.
[ 2024-09-05 00:00:56,335 ] 85 root - INFO - Exported train and test file path.
[ 2024-09-05 00:00:56,336 ] 44 root - INFO - Data ingestion completed and artifact: DataIngestionArtifact(trained_file_path='Artifacts\\09_05_2024_00_00_48\\data_ingestion\\ingested\\train.csv', test_file_path='Artifacts\\09_05_2024_00_00_48\\data_ingestion\\ingested\\test.csv')
[ 2024-09-05 00:00:56,409 ] 26 root - INFO - Required number of columns: 31
[ 2024-09-05 00:00:56,409 ] 27 root - INFO - Data frame has columns: 31
[ 2024-09-05 00:00:56,409 ] 26 root - INFO - Required number of columns: 31
[ 2024-09-05 00:00:56,409 ] 27 root - INFO - Data frame has columns: 31
[ 2024-09-05 00:00:56,551 ] 139 root - INFO - Data validation artifact: DataValidationArtifact(validation_status=True, valid_train_file_path='Artifacts\\09_05_2024_00_00_48\\data_ingestion\\ingested\\train.csv', valid_test_file_path='Artifacts\\09_05_2024_00_00_48\\data_ingestion\\ingested\\test.csv', invalid_train_file_path=None, invalid_test_file_path=None, drift_report_file_path='Artifacts\\09_05_2024_00_00_48\\data_validation\\drift_report\\report.yaml')
[ 2024-09-05 00:00:56,552 ] 85 root - INFO - Entered initiate_data_transformation method of DataTransformation class
[ 2024-09-05 00:00:56,552 ] 88 root - INFO - Starting data transformation
[ 2024-09-05 00:00:56,580 ] 58 root - INFO - Entered get_data_transformer_object method of DataTransformation class
[ 2024-09-05 00:00:56,580 ] 67 root - INFO - Initialise KNNImputer with {'missing_values': nan, 'n_neighbors': 3, 'weights': 'uniform'}
[ 2024-09-05 00:00:56,580 ] 73 root - INFO - Exited get_data_transformer_object method of DataTransformation class
[ 2024-09-05 00:00:56,580 ] 96 root - INFO - Got the preprocessor object
[ 2024-09-05 00:00:56,595 ] 60 root - INFO - Entered the save_object method of MainUtils class
[ 2024-09-05 00:00:56,597 ] 64 root - INFO - Exited the save_object method of MainUtils class
[ 2024-09-05 00:00:56,597 ] 128 root - INFO - Data transformation artifact: DataTransformationArtifact(transformed_object_file_path='Artifacts\\09_05_2024_00_00_48\\data_transformation\\transformed_object\\preprocessing.pkl', transformed_train_file_path='Artifacts\\09_05_2024_00_00_48\\data_transformation\\transformed\\train.npy', transformed_test_file_path='Artifacts\\09_05_2024_00_00_48\\data_transformation\\transformed\\test.npy')
