[ 2024-09-05 13:02:52,916 ] 12 root - INFO - training has srted
[ 2024-09-05 13:02:52,934 ] 41 root - INFO - Starting data ingestion
[ 2024-09-05 13:03:01,156 ] 66 root - INFO - Performed train test split on the dataframe
[ 2024-09-05 13:03:01,157 ] 68 root - INFO - Exited split_data_as_train_test method of Data_Ingestion class
[ 2024-09-05 13:03:01,157 ] 76 root - INFO - Exporting train and test file path.
[ 2024-09-05 13:03:01,224 ] 85 root - INFO - Exported train and test file path.
[ 2024-09-05 13:03:01,225 ] 44 root - INFO - Data ingestion completed and artifact: DataIngestionArtifact(trained_file_path='Artifacts\\09_05_2024_13_02_20\\data_ingestion\\ingested\\train.csv', test_file_path='Artifacts\\09_05_2024_13_02_20\\data_ingestion\\ingested\\test.csv')
[ 2024-09-05 13:03:01,445 ] 26 root - INFO - Required number of columns: 31
[ 2024-09-05 13:03:01,445 ] 27 root - INFO - Data frame has columns: 31
[ 2024-09-05 13:03:01,445 ] 26 root - INFO - Required number of columns: 31
[ 2024-09-05 13:03:01,445 ] 27 root - INFO - Data frame has columns: 31
[ 2024-09-05 13:03:01,784 ] 139 root - INFO - Data validation artifact: DataValidationArtifact(validation_status=True, valid_train_file_path='Artifacts\\09_05_2024_13_02_20\\data_ingestion\\ingested\\train.csv', valid_test_file_path='Artifacts\\09_05_2024_13_02_20\\data_ingestion\\ingested\\test.csv', invalid_train_file_path=None, invalid_test_file_path=None, drift_report_file_path='Artifacts\\09_05_2024_13_02_20\\data_validation\\drift_report\\report.yaml')
[ 2024-09-05 13:03:01,786 ] 85 root - INFO - Entered initiate_data_transformation method of DataTransformation class
[ 2024-09-05 13:03:01,786 ] 88 root - INFO - Starting data transformation
[ 2024-09-05 13:03:01,807 ] 58 root - INFO - Entered get_data_transformer_object method of DataTransformation class
[ 2024-09-05 13:03:01,807 ] 67 root - INFO - Initialise KNNImputer with {'missing_values': nan, 'n_neighbors': 3, 'weights': 'uniform'}
[ 2024-09-05 13:03:01,807 ] 73 root - INFO - Exited get_data_transformer_object method of DataTransformation class
[ 2024-09-05 13:03:01,807 ] 96 root - INFO - Got the preprocessor object
[ 2024-09-05 13:03:01,829 ] 60 root - INFO - Entered the save_object method of MainUtils class
[ 2024-09-05 13:03:01,844 ] 64 root - INFO - Exited the save_object method of MainUtils class
[ 2024-09-05 13:03:01,844 ] 128 root - INFO - Data transformation artifact: DataTransformationArtifact(transformed_object_file_path='Artifacts\\09_05_2024_13_02_20\\data_transformation\\transformed_object\\preprocessing.pkl', transformed_train_file_path='Artifacts\\09_05_2024_13_02_20\\data_transformation\\transformed\\train.npy', transformed_test_file_path='Artifacts\\09_05_2024_13_02_20\\data_transformation\\transformed\\test.npy')
[ 2024-09-05 13:03:02,469 ] 60 root - INFO - Entered the save_object method of MainUtils class
[ 2024-09-05 13:03:02,473 ] 64 root - INFO - Exited the save_object method of MainUtils class
[ 2024-09-05 13:03:02,474 ] 87 root - INFO - Model trainer artifact: ModelTrainerArtifact(trained_model_file_path='Artifacts\\09_05_2024_13_02_20\\model_trainer\\trained_model\\model.pkl', train_metric_artifact=ClassificationMetricArtifact(f1_score=np.float64(0.9879931389365352), precision_score=np.float64(0.9843184559710495), recall_score=np.float64(0.9916953615556006)), test_metric_artifact=ClassificationMetricArtifact(f1_score=np.float64(0.9731489015459723), precision_score=np.float64(0.9660743134087237), recall_score=np.float64(0.980327868852459)))
